[debug] [2020-02-09T06:45:06.415Z] ----------------------------------------------------------------------
[debug] [2020-02-09T06:45:06.417Z] Command:       C:\Program Files\nodejs\node.exe C:\Users\Cheng Qing\AppData\Roaming\npm\node_modules\firebase-tools\lib\bin\firebase.js init
[debug] [2020-02-09T06:45:06.417Z] CLI Version:   7.12.1
[debug] [2020-02-09T06:45:06.417Z] Platform:      win32
[debug] [2020-02-09T06:45:06.417Z] Node Version:  v12.14.0
[debug] [2020-02-09T06:45:06.418Z] Time:          Sat Feb 08 2020 22:45:06 GMT-0800 (Pacific Standard Time)
[debug] [2020-02-09T06:45:06.418Z] ----------------------------------------------------------------------
[debug] [2020-02-09T06:45:06.418Z] 
[debug] [2020-02-09T06:45:06.424Z] > command requires scopes: ["email","openid","https://www.googleapis.com/auth/cloudplatformprojects.readonly","https://www.googleapis.com/auth/firebase","https://www.googleapis.com/auth/cloud-platform"]
[debug] [2020-02-09T06:45:06.424Z] > authorizing via signed-in user
[info] 
     ######## #### ########  ######## ########     ###     ######  ########
     ##        ##  ##     ## ##       ##     ##  ##   ##  ##       ##
     ######    ##  ########  ######   ########  #########  ######  ######
     ##        ##  ##    ##  ##       ##     ## ##     ##       ## ##
     ##       #### ##     ## ######## ########  ##     ##  ######  ########

You're about to initialize a Firebase project in this directory:

  C:\Users\Cheng Qing\Desktop\luck-login-app

Before we get started, keep in mind:

  * You are initializing in an existing Firebase project directory

[debug] [2020-02-09T06:45:10.678Z] Error: kill ENOSYS
    at process.kill (internal/process/per_thread.js:189:13)
    at process.listener (C:\Users\Cheng Qing\AppData\Roaming\npm\node_modules\firebase-tools\node_modules\signal-exit\index.js:95:15)
    at process.emit (events.js:210:5)
[error] 
[error] Error: An unexpected error has occurred.
